2021-06-01 23:02:38,716 Program started running
2021-06-01 23:03:24,060 Program started running
2021-06-01 23:03:24,060 Listening to no girls allowed in Potato On Me
2021-06-01 23:03:40,210 Program started running
2021-06-01 23:03:40,210 Listening to no girls allowed in Potato On Me
2021-06-01 23:03:46,216 Land Of Schmucks joined the voice chat
2021-06-01 23:03:47,204 Land Of Schmucks joined the party, Schmuck.mp3 is playing
2021-06-01 23:04:21,081 Program started running
2021-06-01 23:04:21,081 Listening to no girls allowed in Potato On Me
2021-06-15 19:09:18,115 Program started running
2021-06-15 19:09:18,116 Listening to no girls allowed in Potato On Me
2021-06-15 19:09:24,107 Land Of Schmucks joined the voice chat
2021-06-15 19:09:25,713 Land Of Schmucks joined the party, PureVanilla.mp3 is playing
2021-06-15 20:11:55,179 RobbieRob joined the voice chat
2021-06-15 20:11:58,691 RobbieRob joined the party, you_got_me_a_hat.mp3 is playing
2021-06-15 20:12:47,439 RobbieRob joined the voice chat
2021-06-15 20:12:48,407 RobbieRob joined the party, you_got_me_a_hat.mp3 is playing
2021-06-15 20:13:58,133 ClayDoh22 joined the voice chat
2021-06-15 20:13:58,951 ClayDoh22 joined the party, LetsGetLoud.mp3 is playing
2021-06-15 20:33:18,861 Program started running
2021-06-15 20:33:18,861 Listening to no girls allowed in Potato On Me
2021-06-15 20:33:27,881 Land Of Schmucks joined the voice chat
2021-06-15 20:33:29,064 Land Of Schmucks joined the party, PureVanilla.mp3 is playing
2021-06-15 20:33:41,959 Pberry joined the voice chat
2021-06-15 20:33:42,959 Pberry joined the party, Valorant_Cruz.mp3 is playing
2021-06-15 20:35:54,989 Program started running
2021-06-15 20:35:54,989 Listening to no girls allowed in Potato On Me
2021-06-15 20:36:19,986 idah0potato joined the voice chat
2021-06-15 20:36:20,856 idah0potato joined the party, Boos.mp3 is playing
2021-06-15 21:07:03,155 JamesTheHorn joined the voice chat
2021-06-15 21:07:08,167 JamesTheHorn joined the party, YouSeeThisWatch.mp3 is playing
2021-06-15 21:11:31,010 The quinn joined the voice chat
2021-06-15 21:11:32,097 The quinn joined the party, small_dick.mp3 is playing
2021-06-15 21:37:46,276 JLouton1995 joined the voice chat
2021-06-15 21:37:47,574 JLouton1995 joined the party, spare_cock.mp3 is playing
