2021-06-19 01:03:18,624 Program started running
2021-06-19 01:03:18,625 Listening to no girls allowed in Potato On Me
2021-06-19 01:03:25,628 Land Of Schmucks joined the voice chat
2021-06-19 01:03:26,405 Land Of Schmucks joined the party, TeslaSong.mp3 is playing
2021-06-19 01:06:56,788 Program started running
2021-06-19 01:06:56,789 Listening to no girls allowed in Potato On Me
2021-06-19 01:15:22,092 Program started running
2021-06-19 01:15:22,093 Listening to no girls allowed in Potato On Me
2021-06-19 01:16:57,776 Program started running
2021-06-19 01:16:57,777 Listening to no girls allowed in Potato On Me
2021-06-19 01:17:03,749 Land Of Schmucks#9392 in Potato On Me, Bot Tester added ErenJaeger.mp3 to to their sounds!
2021-06-19 01:18:03,077 Land Of Schmucks#9392 in Potato On Me, Bot Tester added NewRandomSound.mp3 to to their sounds!
2021-06-19 01:21:53,780 Land Of Schmucks joined the voice chat
2021-06-19 01:21:54,592 Land Of Schmucks joined the party, PureVanilla.mp3 is playing
2021-06-19 01:21:57,778 Exception in voice thread Thread-3
Traceback (most recent call last):
  File "/home/pi/.local/lib/python3.7/site-packages/discord/player.py", line 603, in run
    self._do_run()
  File "/home/pi/.local/lib/python3.7/site-packages/discord/player.py", line 596, in _do_run
    play_audio(data, encode=not self.source.is_opus())
  File "/home/pi/.local/lib/python3.7/site-packages/discord/voice_client.py", line 638, in send_audio_packet
    self.socket.sendto(packet, (self.endpoint_ip, self.voice_port))
OSError: [Errno 101] Network is unreachable
2021-06-19 01:22:08,079 Land Of Schmucks joined the voice chat
2021-06-19 01:22:08,777 Land Of Schmucks joined the party, PureVanilla.mp3 is playing
2021-06-19 01:24:03,275 Program started running
2021-06-19 01:24:03,276 Listening to no girls allowed in Potato On Me
2021-06-19 01:24:19,279 Land Of Schmucks joined the voice chat
2021-06-19 01:24:20,009 Land Of Schmucks joined the party, TeslaSong.mp3 is playing
2021-06-19 11:03:41,125 IIMilanII joined the voice chat
2021-06-19 11:03:42,155 IIMilanII joined the party, indian_moonlight.mp3 is playing
2021-06-19 11:48:01,517 Pberry joined the voice chat
2021-06-19 11:48:02,475 Pberry joined the party, Valorant_Cruz.mp3 is playing
2021-06-19 11:57:30,595 Pberry joined the voice chat
2021-06-19 11:57:31,584 Pberry joined the party, Valorant_Cruz.mp3 is playing
2021-06-19 13:00:11,709 Land Of Schmucks joined the voice chat
2021-06-19 13:00:12,789 Land Of Schmucks joined the party, PureVanilla.mp3 is playing
2021-06-19 14:23:15,740 Land Of Schmucks joined the voice chat
2021-06-19 14:23:16,747 Land Of Schmucks joined the party, TeslaSong.mp3 is playing
2021-06-19 18:28:57,876 IIMilanII joined the voice chat
2021-06-19 18:28:58,906 IIMilanII joined the party, MansNotHot.mp3 is playing
2021-06-19 18:46:37,633 DinglePanda joined the voice chat
2021-06-19 18:46:38,620 DinglePanda joined the party, GodandAnime.mp3 is playing
2021-06-19 18:47:01,951 DinglePanda joined the voice chat
2021-06-19 18:47:02,950 DinglePanda joined the party, white_women.mp3 is playing
2021-06-19 23:50:31,664 IIMilanII joined the voice chat
2021-06-19 23:50:32,671 IIMilanII joined the party, indian_moonlight.mp3 is playing
2021-06-20 00:29:14,003 Pberry joined the voice chat
2021-06-20 00:29:14,994 Pberry joined the party, Valorant_Cruz.mp3 is playing
2021-06-20 13:42:49,123 DinglePanda joined the voice chat
2021-06-20 13:42:50,161 DinglePanda joined the party, GodandAnime.mp3 is playing
2021-06-20 13:43:00,496 DinglePanda joined the voice chat
2021-06-20 13:43:01,455 DinglePanda joined the party, GodandAnime.mp3 is playing
2021-06-20 13:43:16,789 DinglePanda joined the voice chat
2021-06-20 13:43:17,806 DinglePanda joined the party, GodandAnime.mp3 is playing
2021-06-20 13:43:41,126 Pberry joined the voice chat
2021-06-20 13:43:42,125 Pberry joined the party, Valorant_Cruz.mp3 is playing
2021-06-20 13:43:48,277 Land Of Schmucks joined the voice chat
2021-06-20 13:43:49,218 Land Of Schmucks joined the party, PureVanilla.mp3 is playing
2021-06-20 14:10:10,134 DinglePanda joined the voice chat
2021-06-20 14:10:11,288 DinglePanda joined the party, white_women.mp3 is playing
2021-06-20 16:09:31,996 IIMilanII joined the voice chat
2021-06-20 16:09:32,958 IIMilanII joined the party, indian_moonlight.mp3 is playing
2021-06-20 17:48:50,278 IIMilanII joined the voice chat
2021-06-20 17:48:51,260 IIMilanII joined the party, MansNotHot.mp3 is playing
2021-06-20 18:17:46,985 DinglePanda joined the voice chat
2021-06-20 18:17:47,942 DinglePanda joined the party, GodandAnime.mp3 is playing
2021-06-20 19:31:59,252 The quinn joined the voice chat
2021-06-20 19:32:00,283 The quinn joined the party, this_guy_stinks.mp3 is playing
2021-06-20 20:02:15,805 The quinn joined the voice chat
2021-06-20 20:02:16,829 The quinn joined the party, small_dick.mp3 is playing
2021-06-20 20:05:12,997 LienMi joined the voice chat
2021-06-20 20:05:13,929 LienMi joined the party, can_play_basketball.mp3 is playing
2021-06-20 20:43:32,051 JamesTheHorn joined the voice chat
2021-06-20 20:43:33,242 JamesTheHorn joined the party, KrabbyIntro.mp3 is playing
2021-06-20 21:16:42,176 Land Of Schmucks joined the voice chat
2021-06-20 21:16:43,261 Land Of Schmucks joined the party, PureVanilla.mp3 is playing
2021-06-20 21:29:59,203 DinglePanda joined the voice chat
2021-06-20 21:30:00,314 DinglePanda joined the party, white_women.mp3 is playing
2021-06-21 20:56:48,527 Program started running
2021-06-21 20:56:48,529 Listening to no girls allowed in Potato On Me
2021-06-21 20:57:36,534 Land Of Schmucks joined the voice chat
2021-06-21 20:57:37,540 Land Of Schmucks joined the party, TeslaSong.mp3 is playing
2021-06-21 21:15:15,700 Pberry joined the voice chat
2021-06-21 21:15:16,730 Pberry joined the party, Valorant_Cruz.mp3 is playing
2021-06-21 21:28:54,832 Argothegreat joined the voice chat
2021-06-21 21:32:16,831 DinglePanda joined the voice chat
2021-06-21 21:32:17,782 DinglePanda joined the party, GodandAnime.mp3 is playing
2021-06-21 21:55:22,092 amandadelu Land Of Schmucks joined the voice chat
2021-06-21 21:55:23,125 Land Of Schmucks joined the party, TeslaSong.mp3 is playing
2021-06-21 21:55:46,268 DinglePanda joined the voice chat
2021-06-21 21:55:47,267 DinglePanda joined the party, GodandAnime.mp3 is playing
2021-06-21 21:56:53,590 Argothegreat joined the voice chat
2021-06-21 21:57:00,590 Land Of Schmucks joined the voice chat
2021-06-21 21:57:01,569 Land Of Schmucks joined the party, PureVanilla.mp3 is playing
2021-06-21 21:57:14,509 DinglePanda joined the voice chat
2021-06-21 21:57:15,527 DinglePanda joined the party, GodandAnime.mp3 is playing
2021-06-21 21:58:47,843 Babbel (Graham) joined the voice chat
2021-06-21 21:59:01,843 DinglePanda joined the voice chat
2021-06-21 21:59:03,022 DinglePanda joined the party, white_women.mp3 is playing
2021-06-21 21:59:30,727 Land Of Schmucks joined the voice chat
2021-06-21 21:59:31,679 Land Of Schmucks joined the party, PureVanilla.mp3 is playing
2021-06-21 22:29:27,598 KyleBaer joined the voice chat
2021-06-21 22:29:28,576 KyleBaer joined the party, Just_Like_The_Gays.mp3 is playing
2021-06-21 22:42:12,901 idah0potato joined the voice chat
2021-06-21 22:42:13,818 idah0potato joined the party, Boos.mp3 is playing
2021-06-21 22:55:46,127 Land Of Schmucks joined the voice chat
2021-06-21 22:55:47,072 Land Of Schmucks joined the party, PureVanilla.mp3 is playing
2021-06-21 23:22:40,996 Land Of Schmucks joined the voice chat
2021-06-21 23:22:42,041 Land Of Schmucks joined the party, PureVanilla.mp3 is playing
2021-06-21 23:23:03,964 DinglePanda joined the voice chat
2021-06-21 23:23:05,548 DinglePanda joined the party, GodandAnime.mp3 is playing
2021-06-22 09:05:52,851 Pberry joined the voice chat
2021-06-22 09:05:53,848 Pberry joined the party, Valorant_Cruz.mp3 is playing
2021-06-22 14:54:37,979 IIMilanII joined the voice chat
2021-06-22 14:54:39,123 IIMilanII joined the party, MansNotHot.mp3 is playing
2021-06-22 15:01:25,904 DinglePanda joined the voice chat
2021-06-22 15:01:26,973 DinglePanda joined the party, GodandAnime.mp3 is playing
2021-06-22 15:43:34,320 Pberry joined the voice chat
2021-06-22 15:43:35,331 Pberry joined the party, Valorant_Cruz.mp3 is playing
2021-06-22 16:20:56,466 JamesTheHorn joined the voice chat
2021-06-22 16:20:57,436 JamesTheHorn joined the party, YouSeeThisWatch.mp3 is playing
2021-06-22 18:02:58,368 The quinn joined the voice chat
2021-06-22 18:02:59,436 The quinn joined the party, this_guy_stinks.mp3 is playing
2021-06-22 18:17:28,968 IIMilanII joined the voice chat
2021-06-22 18:17:29,924 IIMilanII joined the party, MansNotHot.mp3 is playing
2021-06-22 18:42:08,641 The quinn joined the voice chat
2021-06-22 18:42:10,024 The quinn joined the party, this_guy_stinks.mp3 is playing
2021-06-22 18:54:07,540 CRUZERx500 joined the voice chat
2021-06-22 18:58:00,540 CRUZERx500 joined the voice chat
2021-06-22 20:04:20,540 LienMi joined the voice chat
2021-06-22 20:04:21,585 LienMi joined the party, ErenJaeger.mp3 is playing
2021-06-22 21:28:35,912 Land Of Schmucks joined the voice chat
2021-06-22 21:28:36,776 Land Of Schmucks joined the party, PureVanilla.mp3 is playing
2021-06-22 21:32:11,673 DinglePanda joined the voice chat
2021-06-22 21:32:12,473 DinglePanda joined the party, GodandAnime.mp3 is playing
2021-06-22 21:32:41,764 Land Of Schmucks joined the voice chat
2021-06-22 21:32:42,564 Land Of Schmucks joined the party, PureVanilla.mp3 is playing
2021-06-22 21:48:38,452 Pberry joined the voice chat
2021-06-22 21:48:39,254 Pberry joined the party, Valorant_Cruz.mp3 is playing
2021-06-22 22:48:40,347 IIMilanII joined the voice chat
2021-06-22 22:48:41,268 IIMilanII joined the party, indian_moonlight.mp3 is playing
2021-06-22 23:31:34,835 Program started running
2021-06-22 23:31:34,836 Listening to no girls allowed in Potato On Me
2021-06-22 23:33:34,697 Program started running
2021-06-22 23:33:34,699 Listening to no girls allowed in Potato On Me
2021-06-22 23:33:36,706 Land Of Schmucks joined the voice chat
2021-06-22 23:33:37,532 Land Of Schmucks joined the party, TeslaSong.mp3 is playing
2021-06-22 23:35:03,666 Program started running
2021-06-22 23:35:03,668 Listening to no girls allowed in Potato On Me
2021-06-22 23:35:06,672 Land Of Schmucks joined the voice chat
2021-06-22 23:35:07,255 Land Of Schmucks joined the party, TeslaSong.mp3 is playing
2021-06-22 23:35:32,343 Land Of Schmucks left the voice channel
